2016-03-15 01:23:50,463 INFO [main] u.a.e.p.t.g.PrideInspectorBootstrap [PrideInspectorBootstrap.java:55] java -cp pride-inspector-2.5.1.jar -Xmx1024m uk.ac.ebi.pride.toolsuite.gui.PrideInspector
2016-03-15 01:23:54,026 WARN [pool-2-thread-2] u.a.e.p.t.g.u.UpdateChecker [UpdateChecker.java:68] Failed to check for updates
java.net.UnknownHostException: www.ebi.ac.uk
	at java.net.AbstractPlainSocketImpl.connect(AbstractPlainSocketImpl.java:184) ~[na:1.8.0_65]
	at java.net.SocksSocketImpl.connect(SocksSocketImpl.java:392) ~[na:1.8.0_65]
	at java.net.Socket.connect(Socket.java:589) ~[na:1.8.0_65]
	at java.net.Socket.connect(Socket.java:538) ~[na:1.8.0_65]
	at sun.net.NetworkClient.doConnect(NetworkClient.java:180) ~[na:1.8.0_65]
	at sun.net.www.http.HttpClient.openServer(HttpClient.java:432) ~[na:1.8.0_65]
	at sun.net.www.http.HttpClient.openServer(HttpClient.java:527) ~[na:1.8.0_65]
	at sun.net.www.http.HttpClient.<init>(HttpClient.java:211) ~[na:1.8.0_65]
	at sun.net.www.http.HttpClient.New(HttpClient.java:308) ~[na:1.8.0_65]
	at sun.net.www.http.HttpClient.New(HttpClient.java:326) ~[na:1.8.0_65]
	at sun.net.www.protocol.http.HttpURLConnection.getNewHttpClient(HttpURLConnection.java:1169) ~[na:1.8.0_65]
	at sun.net.www.protocol.http.HttpURLConnection.plainConnect0(HttpURLConnection.java:1105) ~[na:1.8.0_65]
	at sun.net.www.protocol.http.HttpURLConnection.plainConnect(HttpURLConnection.java:999) ~[na:1.8.0_65]
	at sun.net.www.protocol.http.HttpURLConnection.connect(HttpURLConnection.java:933) ~[na:1.8.0_65]
	at sun.net.www.protocol.http.HttpURLConnection.getInputStream0(HttpURLConnection.java:1513) ~[na:1.8.0_65]
	at sun.net.www.protocol.http.HttpURLConnection.getInputStream(HttpURLConnection.java:1441) ~[na:1.8.0_65]
	at java.net.HttpURLConnection.getResponseCode(HttpURLConnection.java:480) ~[na:1.8.0_65]
	at uk.ac.ebi.pride.toolsuite.gui.utils.UpdateChecker.hasUpdate(UpdateChecker.java:51) ~[pride-inspector-2.5.1.jar:na]
	at uk.ac.ebi.pride.toolsuite.gui.task.impl.CheckUpdateTask.doInBackground(CheckUpdateTask.java:31) [pride-inspector-2.5.1.jar:na]
	at uk.ac.ebi.pride.toolsuite.gui.task.impl.CheckUpdateTask.doInBackground(CheckUpdateTask.java:15) [pride-inspector-2.5.1.jar:na]
	at javax.swing.SwingWorker$1.call(SwingWorker.java:295) [na:1.8.0_65]
	at java.util.concurrent.FutureTask.run(FutureTask.java:266) [na:1.8.0_65]
	at javax.swing.SwingWorker.run(SwingWorker.java:334) [na:1.8.0_65]
	at java.util.concurrent.ThreadPoolExecutor.runWorker(ThreadPoolExecutor.java:1142) [na:1.8.0_65]
	at java.util.concurrent.ThreadPoolExecutor$Worker.run(ThreadPoolExecutor.java:617) [na:1.8.0_65]
	at java.lang.Thread.run(Thread.java:745) [na:1.8.0_65]
2016-03-15 01:24:22,960 INFO [main] u.a.e.p.t.g.PrideInspectorBootstrap [PrideInspectorBootstrap.java:55] java -cp pride-inspector-2.5.1.jar -Xmx1024m uk.ac.ebi.pride.toolsuite.gui.PrideInspector
2016-03-15 01:24:25,779 WARN [pool-2-thread-2] u.a.e.p.t.g.u.UpdateChecker [UpdateChecker.java:68] Failed to check for updates
java.net.UnknownHostException: www.ebi.ac.uk
	at java.net.AbstractPlainSocketImpl.connect(AbstractPlainSocketImpl.java:184) ~[na:1.8.0_65]
	at java.net.SocksSocketImpl.connect(SocksSocketImpl.java:392) ~[na:1.8.0_65]
	at java.net.Socket.connect(Socket.java:589) ~[na:1.8.0_65]
	at java.net.Socket.connect(Socket.java:538) ~[na:1.8.0_65]
	at sun.net.NetworkClient.doConnect(NetworkClient.java:180) ~[na:1.8.0_65]
	at sun.net.www.http.HttpClient.openServer(HttpClient.java:432) ~[na:1.8.0_65]
	at sun.net.www.http.HttpClient.openServer(HttpClient.java:527) ~[na:1.8.0_65]
	at sun.net.www.http.HttpClient.<init>(HttpClient.java:211) ~[na:1.8.0_65]
	at sun.net.www.http.HttpClient.New(HttpClient.java:308) ~[na:1.8.0_65]
	at sun.net.www.http.HttpClient.New(HttpClient.java:326) ~[na:1.8.0_65]
	at sun.net.www.protocol.http.HttpURLConnection.getNewHttpClient(HttpURLConnection.java:1169) ~[na:1.8.0_65]
	at sun.net.www.protocol.http.HttpURLConnection.plainConnect0(HttpURLConnection.java:1105) ~[na:1.8.0_65]
	at sun.net.www.protocol.http.HttpURLConnection.plainConnect(HttpURLConnection.java:999) ~[na:1.8.0_65]
	at sun.net.www.protocol.http.HttpURLConnection.connect(HttpURLConnection.java:933) ~[na:1.8.0_65]
	at sun.net.www.protocol.http.HttpURLConnection.getInputStream0(HttpURLConnection.java:1513) ~[na:1.8.0_65]
	at sun.net.www.protocol.http.HttpURLConnection.getInputStream(HttpURLConnection.java:1441) ~[na:1.8.0_65]
	at java.net.HttpURLConnection.getResponseCode(HttpURLConnection.java:480) ~[na:1.8.0_65]
	at uk.ac.ebi.pride.toolsuite.gui.utils.UpdateChecker.hasUpdate(UpdateChecker.java:51) ~[pride-inspector-2.5.1.jar:na]
	at uk.ac.ebi.pride.toolsuite.gui.task.impl.CheckUpdateTask.doInBackground(CheckUpdateTask.java:31) [pride-inspector-2.5.1.jar:na]
	at uk.ac.ebi.pride.toolsuite.gui.task.impl.CheckUpdateTask.doInBackground(CheckUpdateTask.java:15) [pride-inspector-2.5.1.jar:na]
	at javax.swing.SwingWorker$1.call(SwingWorker.java:295) [na:1.8.0_65]
	at java.util.concurrent.FutureTask.run(FutureTask.java:266) [na:1.8.0_65]
	at javax.swing.SwingWorker.run(SwingWorker.java:334) [na:1.8.0_65]
	at java.util.concurrent.ThreadPoolExecutor.runWorker(ThreadPoolExecutor.java:1142) [na:1.8.0_65]
	at java.util.concurrent.ThreadPoolExecutor$Worker.run(ThreadPoolExecutor.java:617) [na:1.8.0_65]
	at java.lang.Thread.run(Thread.java:745) [na:1.8.0_65]
2016-03-15 01:34:55,687 INFO [main] u.a.e.p.t.g.PrideInspectorBootstrap [PrideInspectorBootstrap.java:55] java -cp pride-inspector-2.5.1.jar -Xmx1024m uk.ac.ebi.pride.toolsuite.gui.PrideInspector
